<?xml version="1.0" encoding="UTF-8"?>
<testng-results ignored="0" total="1" passed="1" failed="0" skipped="0">
  <reporter-output>
  </reporter-output>
  <suite started-at="2022-01-04T22:03:45 IST" name="Suite" finished-at="2022-01-04T22:03:57 IST" duration-ms="11357">
    <groups>
    </groups>
    <test started-at="2022-01-04T22:03:45 IST" name="Test" finished-at="2022-01-04T22:03:57 IST" duration-ms="11357">
      <class name="com.inetbanking.testcases.TC_LoginTest_001">
        <test-method is-config="true" signature="launchapp(java.lang.String)[pri:0, instance:com.inetbanking.testcases.TC_LoginTest_001@4efac082]" started-at="2022-01-04T22:03:46 IST" name="launchapp" finished-at="2022-01-04T22:03:49 IST" duration-ms="3202" status="PASS">
          <params>
            <param index="0">
              <value>
                <![CDATA[chrome]]>
              </value>
            </param>
          </params>
          <reporter-output>
          </reporter-output>
        </test-method> <!-- launchapp -->
        <test-method signature="loginTest()[pri:0, instance:com.inetbanking.testcases.TC_LoginTest_001@4efac082]" started-at="2022-01-04T22:03:49 IST" name="loginTest" finished-at="2022-01-04T22:03:57 IST" duration-ms="7680" status="PASS">
          <reporter-output>
          </reporter-output>
        </test-method> <!-- loginTest -->
      </class> <!-- com.inetbanking.testcases.TC_LoginTest_001 -->
    </test> <!-- Test -->
  </suite> <!-- Suite -->
</testng-results>
